<?xml version="1.0" encoding="UTF-8"?>
<!-- Generated by org.testng.reporters.JUnitReportReporter -->
<testsuite skipped="0" hostname="DESKTOP-KQHR363" name="com.agrisoft.qa.testcases.ProductMgmtPageForFertilizerTest" tests="12" failures="0" timestamp="2021-03-02T16:32:56 IST" time="193.594" errors="0">
  <testcase name="validateProductMgmtPageForFertilizer" time="14.940" classname="com.agrisoft.qa.testcases.ProductMgmtPageForFertilizerTest"/>
  <system-out/>
  <testcase name="validateProductMgmtPageForFertilizer" time="15.630" classname="com.agrisoft.qa.testcases.ProductMgmtPageForFertilizerTest"/>
  <system-out/>
  <testcase name="validateProductMgmtPageForFertilizer" time="17.488" classname="com.agrisoft.qa.testcases.ProductMgmtPageForFertilizerTest"/>
  <system-out/>
  <testcase name="validateProductMgmtPageForFertilizer" time="15.092" classname="com.agrisoft.qa.testcases.ProductMgmtPageForFertilizerTest"/>
  <system-out/>
  <testcase name="validateProductMgmtPageForSeed" time="14.582" classname="com.agrisoft.qa.testcases.ProductMgmtPageForFertilizerTest"/>
  <system-out/>
  <testcase name="validateProductMgmtPageForSeed" time="18.713" classname="com.agrisoft.qa.testcases.ProductMgmtPageForFertilizerTest"/>
  <system-out/>
  <testcase name="validateProductMgmtPageForSeed" time="16.612" classname="com.agrisoft.qa.testcases.ProductMgmtPageForFertilizerTest"/>
  <system-out/>
  <testcase name="validateProductMgmtPageForSeed" time="14.662" classname="com.agrisoft.qa.testcases.ProductMgmtPageForFertilizerTest"/>
  <system-out/>
  <testcase name="validateProductMgmtPageForPesticide" time="15.448" classname="com.agrisoft.qa.testcases.ProductMgmtPageForFertilizerTest"/>
  <system-out/>
  <testcase name="validateProductMgmtPageForPesticide" time="17.192" classname="com.agrisoft.qa.testcases.ProductMgmtPageForFertilizerTest"/>
  <system-out/>
  <testcase name="validateProductMgmtPageForPesticide" time="15.578" classname="com.agrisoft.qa.testcases.ProductMgmtPageForFertilizerTest"/>
  <system-out/>
  <testcase name="validateProductMgmtPageForPesticide" time="17.657" classname="com.agrisoft.qa.testcases.ProductMgmtPageForFertilizerTest"/>
  <system-out/>
</testsuite> <!-- com.agrisoft.qa.testcases.ProductMgmtPageForFertilizerTest -->
