<?xml version="1.0" encoding="UTF-8"?>
<!-- Generated by org.testng.reporters.JUnitReportReporter -->
<testsuite skipped="0" hostname="DESKTOP-KQHR363" name="com.agrisoft.qa.testcases.CustomerMgmtWholeSalePageTest" tests="28" failures="0" timestamp="2021-03-02T16:03:37 IST" time="511.416" errors="0">
  <testcase name="validateCustomerDetailsWholesalePageTest" time="15.931" classname="com.agrisoft.qa.testcases.CustomerMgmtWholeSalePageTest"/>
  <system-out/>
  <testcase name="validateCustomerDetailsWholesalePageTest" time="15.818" classname="com.agrisoft.qa.testcases.CustomerMgmtWholeSalePageTest"/>
  <system-out/>
  <testcase name="validateCustomerDetailsWholesalePageTest" time="14.818" classname="com.agrisoft.qa.testcases.CustomerMgmtWholeSalePageTest"/>
  <system-out/>
  <testcase name="validateCustomerDetailsWholesalePageTest" time="24.946" classname="com.agrisoft.qa.testcases.CustomerMgmtWholeSalePageTest"/>
  <system-out/>
  <testcase name="validateCustomerDetailsWholesalePageTest" time="16.805" classname="com.agrisoft.qa.testcases.CustomerMgmtWholeSalePageTest"/>
  <system-out/>
  <testcase name="validateCustomerDetailsWholesalePageTest" time="20.389" classname="com.agrisoft.qa.testcases.CustomerMgmtWholeSalePageTest"/>
  <system-out/>
  <testcase name="validateCustomerDetailsWholesalePageTest" time="14.797" classname="com.agrisoft.qa.testcases.CustomerMgmtWholeSalePageTest"/>
  <system-out/>
  <testcase name="validateCustomerDetailsWholesalePageTest" time="22.956" classname="com.agrisoft.qa.testcases.CustomerMgmtWholeSalePageTest"/>
  <system-out/>
  <testcase name="validateCustomerDetailsWholesalePageTest" time="19.728" classname="com.agrisoft.qa.testcases.CustomerMgmtWholeSalePageTest"/>
  <system-out/>
  <testcase name="validateCustomerDetailsWholesalePageTest" time="15.034" classname="com.agrisoft.qa.testcases.CustomerMgmtWholeSalePageTest"/>
  <system-out/>
  <testcase name="validateCustomerDetailsWholesalePageTest" time="17.719" classname="com.agrisoft.qa.testcases.CustomerMgmtWholeSalePageTest"/>
  <system-out/>
  <testcase name="validateCustomerDetailsWholesalePageTest" time="14.509" classname="com.agrisoft.qa.testcases.CustomerMgmtWholeSalePageTest"/>
  <system-out/>
  <testcase name="validateCustomerDetailsWholesalePageTest" time="16.402" classname="com.agrisoft.qa.testcases.CustomerMgmtWholeSalePageTest"/>
  <system-out/>
  <testcase name="validateCustomerDetailsWholesalePageTest" time="17.403" classname="com.agrisoft.qa.testcases.CustomerMgmtWholeSalePageTest"/>
  <system-out/>
  <testcase name="validateCustomerDetailsWholesalePageTest" time="15.644" classname="com.agrisoft.qa.testcases.CustomerMgmtWholeSalePageTest"/>
  <system-out/>
  <testcase name="validateCustomerDetailsWholesalePageTest" time="14.994" classname="com.agrisoft.qa.testcases.CustomerMgmtWholeSalePageTest"/>
  <system-out/>
  <testcase name="validateCustomerDetailsWholesalePageTest" time="21.346" classname="com.agrisoft.qa.testcases.CustomerMgmtWholeSalePageTest"/>
  <system-out/>
  <testcase name="validateCustomerDetailsWholesalePageTest" time="16.574" classname="com.agrisoft.qa.testcases.CustomerMgmtWholeSalePageTest"/>
  <system-out/>
  <testcase name="validateCustomerDetailsWholesalePageTest" time="17.919" classname="com.agrisoft.qa.testcases.CustomerMgmtWholeSalePageTest"/>
  <system-out/>
  <testcase name="validateCustomerDetailsWholesalePageTest" time="15.024" classname="com.agrisoft.qa.testcases.CustomerMgmtWholeSalePageTest"/>
  <system-out/>
  <testcase name="validateCustomerDetailsWholesalePageTest" time="16.138" classname="com.agrisoft.qa.testcases.CustomerMgmtWholeSalePageTest"/>
  <system-out/>
  <testcase name="validateCustomerDetailsWholesalePageTest" time="17.479" classname="com.agrisoft.qa.testcases.CustomerMgmtWholeSalePageTest"/>
  <system-out/>
  <testcase name="validateCustomerDetailsWholesalePageTest" time="23.733" classname="com.agrisoft.qa.testcases.CustomerMgmtWholeSalePageTest"/>
  <system-out/>
  <testcase name="validateCustomerDetailsWholesalePageTest" time="20.102" classname="com.agrisoft.qa.testcases.CustomerMgmtWholeSalePageTest"/>
  <system-out/>
  <testcase name="validateCustomerDetailsWholesalePageTest" time="28.669" classname="com.agrisoft.qa.testcases.CustomerMgmtWholeSalePageTest"/>
  <system-out/>
  <testcase name="validateCustomerDetailsWholesalePageTest" time="14.762" classname="com.agrisoft.qa.testcases.CustomerMgmtWholeSalePageTest"/>
  <system-out/>
  <testcase name="validateCustomerDetailsWholesalePageTest" time="18.315" classname="com.agrisoft.qa.testcases.CustomerMgmtWholeSalePageTest"/>
  <system-out/>
  <testcase name="validateCustomerDetailsWholesalePageTest" time="23.462" classname="com.agrisoft.qa.testcases.CustomerMgmtWholeSalePageTest"/>
  <system-out/>
</testsuite> <!-- com.agrisoft.qa.testcases.CustomerMgmtWholeSalePageTest -->
