<?xml version="1.0" encoding="UTF-8"?>
<!-- Generated by org.testng.reporters.JUnitReportReporter -->
<testsuite skipped="0" hostname="DESKTOP-KQHR363" name="com.agrisoft.qa.testcases.CategoryMgmtPageTest" tests="5" failures="0" timestamp="2021-03-02T16:09:54 IST" time="73.044" errors="0">
  <testcase name="validateCategoryMgmtPageTest" time="12.917" classname="com.agrisoft.qa.testcases.CategoryMgmtPageTest"/>
  <system-out/>
  <testcase name="validateCategoryMgmtPageTest" time="15.148" classname="com.agrisoft.qa.testcases.CategoryMgmtPageTest"/>
  <system-out/>
  <testcase name="validateCategoryMgmtPageTest" time="13.113" classname="com.agrisoft.qa.testcases.CategoryMgmtPageTest"/>
  <system-out/>
  <testcase name="validateCategoryMgmtPageTest" time="18.708" classname="com.agrisoft.qa.testcases.CategoryMgmtPageTest"/>
  <system-out/>
  <testcase name="validateCategoryMgmtPageTest" time="13.158" classname="com.agrisoft.qa.testcases.CategoryMgmtPageTest"/>
  <system-out/>
</testsuite> <!-- com.agrisoft.qa.testcases.CategoryMgmtPageTest -->
