<?xml version="1.0" encoding="UTF-8"?>
<!-- Generated by org.testng.reporters.JUnitReportReporter -->
<testsuite skipped="0" hostname="DESKTOP-KQHR363" name="com.agrisoft.qa.testcases.PackingUnitMgmtPageTest" tests="4" failures="0" timestamp="2021-03-02T16:12:29 IST" time="57.181" errors="0">
  <testcase name="validatePackingMgmtPageTest" time="14.419" classname="com.agrisoft.qa.testcases.PackingUnitMgmtPageTest"/>
  <system-out/>
  <testcase name="validatePackingMgmtPageTest" time="15.151" classname="com.agrisoft.qa.testcases.PackingUnitMgmtPageTest"/>
  <system-out/>
  <testcase name="validatePackingMgmtPageTest" time="14.485" classname="com.agrisoft.qa.testcases.PackingUnitMgmtPageTest"/>
  <system-out/>
  <testcase name="validatePackingMgmtPageTest" time="13.126" classname="com.agrisoft.qa.testcases.PackingUnitMgmtPageTest"/>
  <system-out/>
</testsuite> <!-- com.agrisoft.qa.testcases.PackingUnitMgmtPageTest -->
