<?xml version="1.0" encoding="UTF-8"?>
<!-- Generated by org.testng.reporters.JUnitReportReporter -->
<testsuite skipped="0" hostname="DESKTOP-KQHR363" name="com.agrisoft.qa.testcases.LoginPageTest" tests="3" failures="0" timestamp="2021-02-15T18:14:30 IST" time="25.427" errors="0">
  <testcase name="LoginPageTitleTest" time="7.156" classname="com.agrisoft.qa.testcases.LoginPageTest"/>
  <system-out/>
  <testcase name="AgrisoftImageTest" time="9.586" classname="com.agrisoft.qa.testcases.LoginPageTest"/>
  <system-out/>
  <testcase name="loginTest" time="8.685" classname="com.agrisoft.qa.testcases.LoginPageTest"/>
  <system-out/>
</testsuite> <!-- com.agrisoft.qa.testcases.LoginPageTest -->
