<?xml version="1.0" encoding="UTF-8"?>
<!-- Generated by org.testng.reporters.JUnitReportReporter -->
<testsuite skipped="0" hostname="DESKTOP-KQHR363" name="com.agrisoft.qa.testcases.CustomerMgmtRetailPageTest" tests="28" failures="0" timestamp="2021-03-02T15:27:43 IST" time="484.178" errors="0">
  <testcase name="validateCustomerDetailsPageTest" time="17.846" classname="com.agrisoft.qa.testcases.CustomerMgmtRetailPageTest"/>
  <system-out/>
  <testcase name="validateCustomerDetailsPageTest" time="21.350" classname="com.agrisoft.qa.testcases.CustomerMgmtRetailPageTest"/>
  <system-out/>
  <testcase name="validateCustomerDetailsPageTest" time="16.415" classname="com.agrisoft.qa.testcases.CustomerMgmtRetailPageTest"/>
  <system-out/>
  <testcase name="validateCustomerDetailsPageTest" time="18.733" classname="com.agrisoft.qa.testcases.CustomerMgmtRetailPageTest"/>
  <system-out/>
  <testcase name="validateCustomerDetailsPageTest" time="16.617" classname="com.agrisoft.qa.testcases.CustomerMgmtRetailPageTest"/>
  <system-out/>
  <testcase name="validateCustomerDetailsPageTest" time="17.561" classname="com.agrisoft.qa.testcases.CustomerMgmtRetailPageTest"/>
  <system-out/>
  <testcase name="validateCustomerDetailsPageTest" time="17.428" classname="com.agrisoft.qa.testcases.CustomerMgmtRetailPageTest"/>
  <system-out/>
  <testcase name="validateCustomerDetailsPageTest" time="22.585" classname="com.agrisoft.qa.testcases.CustomerMgmtRetailPageTest"/>
  <system-out/>
  <testcase name="validateCustomerDetailsPageTest" time="15.243" classname="com.agrisoft.qa.testcases.CustomerMgmtRetailPageTest"/>
  <system-out/>
  <testcase name="validateCustomerDetailsPageTest" time="12.851" classname="com.agrisoft.qa.testcases.CustomerMgmtRetailPageTest"/>
  <system-out/>
  <testcase name="validateCustomerDetailsPageTest" time="16.767" classname="com.agrisoft.qa.testcases.CustomerMgmtRetailPageTest"/>
  <system-out/>
  <testcase name="validateCustomerDetailsPageTest" time="17.316" classname="com.agrisoft.qa.testcases.CustomerMgmtRetailPageTest"/>
  <system-out/>
  <testcase name="validateCustomerDetailsPageTest" time="15.980" classname="com.agrisoft.qa.testcases.CustomerMgmtRetailPageTest"/>
  <system-out/>
  <testcase name="validateCustomerDetailsPageTest" time="17.899" classname="com.agrisoft.qa.testcases.CustomerMgmtRetailPageTest"/>
  <system-out/>
  <testcase name="validateCustomerDetailsPageTest" time="16.370" classname="com.agrisoft.qa.testcases.CustomerMgmtRetailPageTest"/>
  <system-out/>
  <testcase name="validateCustomerDetailsPageTest" time="16.034" classname="com.agrisoft.qa.testcases.CustomerMgmtRetailPageTest"/>
  <system-out/>
  <testcase name="validateCustomerDetailsPageTest" time="17.726" classname="com.agrisoft.qa.testcases.CustomerMgmtRetailPageTest"/>
  <system-out/>
  <testcase name="validateCustomerDetailsPageTest" time="16.356" classname="com.agrisoft.qa.testcases.CustomerMgmtRetailPageTest"/>
  <system-out/>
  <testcase name="validateCustomerDetailsPageTest" time="16.941" classname="com.agrisoft.qa.testcases.CustomerMgmtRetailPageTest"/>
  <system-out/>
  <testcase name="validateCustomerDetailsPageTest" time="15.549" classname="com.agrisoft.qa.testcases.CustomerMgmtRetailPageTest"/>
  <system-out/>
  <testcase name="validateCustomerDetailsPageTest" time="20.722" classname="com.agrisoft.qa.testcases.CustomerMgmtRetailPageTest"/>
  <system-out/>
  <testcase name="validateCustomerDetailsPageTest" time="16.062" classname="com.agrisoft.qa.testcases.CustomerMgmtRetailPageTest"/>
  <system-out/>
  <testcase name="validateCustomerDetailsPageTest" time="19.366" classname="com.agrisoft.qa.testcases.CustomerMgmtRetailPageTest"/>
  <system-out/>
  <testcase name="validateCustomerDetailsPageTest" time="15.811" classname="com.agrisoft.qa.testcases.CustomerMgmtRetailPageTest"/>
  <system-out/>
  <testcase name="validateCustomerDetailsPageTest" time="20.496" classname="com.agrisoft.qa.testcases.CustomerMgmtRetailPageTest"/>
  <system-out/>
  <testcase name="validateCustomerDetailsPageTest" time="15.572" classname="com.agrisoft.qa.testcases.CustomerMgmtRetailPageTest"/>
  <system-out/>
  <testcase name="validateCustomerDetailsPageTest" time="16.060" classname="com.agrisoft.qa.testcases.CustomerMgmtRetailPageTest"/>
  <system-out/>
  <testcase name="validateCustomerDetailsPageTest" time="16.522" classname="com.agrisoft.qa.testcases.CustomerMgmtRetailPageTest"/>
  <system-out/>
</testsuite> <!-- com.agrisoft.qa.testcases.CustomerMgmtRetailPageTest -->
