<?xml version="1.0" encoding="UTF-8"?>
<!-- Generated by org.testng.reporters.JUnitReportReporter -->
<testsuite skipped="0" hostname="DESKTOP-KQHR363" name="com.agrisoft.qa.testcases.WareHouseMgmtPageTest" tests="3" failures="0" timestamp="2021-03-02T16:18:18 IST" time="42.900" errors="0">
  <testcase name="validateWareHouseMgmtPageTest" time="14.048" classname="com.agrisoft.qa.testcases.WareHouseMgmtPageTest"/>
  <system-out/>
  <testcase name="validateWareHouseMgmtPageTest" time="14.523" classname="com.agrisoft.qa.testcases.WareHouseMgmtPageTest"/>
  <system-out/>
  <testcase name="validateWareHouseMgmtPageTest" time="14.329" classname="com.agrisoft.qa.testcases.WareHouseMgmtPageTest"/>
  <system-out/>
</testsuite> <!-- com.agrisoft.qa.testcases.WareHouseMgmtPageTest -->
