<?xml version="1.0" encoding="UTF-8"?>
<!-- Generated by org.testng.reporters.JUnitReportReporter -->
<testsuite skipped="0" hostname="DESKTOP-KQHR363" name="com.agrisoft.qa.testcases.TaxMgmtPageTest" tests="4" failures="0" timestamp="2021-03-02T16:17:14 IST" time="56.281" errors="0">
  <testcase name="validateTaxDetailsPageTest" time="14.118" classname="com.agrisoft.qa.testcases.TaxMgmtPageTest"/>
  <system-out/>
  <testcase name="validateTaxDetailsPageTest" time="13.457" classname="com.agrisoft.qa.testcases.TaxMgmtPageTest"/>
  <system-out/>
  <testcase name="validateTaxDetailsPageTest" time="14.887" classname="com.agrisoft.qa.testcases.TaxMgmtPageTest"/>
  <system-out/>
  <testcase name="validateTaxDetailsPageTest" time="13.819" classname="com.agrisoft.qa.testcases.TaxMgmtPageTest"/>
  <system-out/>
</testsuite> <!-- com.agrisoft.qa.testcases.TaxMgmtPageTest -->
