<?xml version="1.0" encoding="UTF-8"?>
<!-- Generated by org.testng.reporters.JUnitReportReporter -->
<testsuite skipped="0" hostname="DESKTOP-KQHR363" name="com.agrisoft.qa.testcases.ExpenditureDetailsPageTest" tests="4" failures="0" timestamp="2021-03-02T16:11:13 IST" time="61.261" errors="0">
  <testcase name="validateExpendtDeatailsPageTest" time="14.620" classname="com.agrisoft.qa.testcases.ExpenditureDetailsPageTest"/>
  <system-out/>
  <testcase name="validateExpendtDeatailsPageTest" time="15.168" classname="com.agrisoft.qa.testcases.ExpenditureDetailsPageTest"/>
  <system-out/>
  <testcase name="validateIndirectExpendtDetailsPageTest" time="15.014" classname="com.agrisoft.qa.testcases.ExpenditureDetailsPageTest"/>
  <system-out/>
  <testcase name="validateIndirectExpendtDetailsPageTest" time="16.459" classname="com.agrisoft.qa.testcases.ExpenditureDetailsPageTest"/>
  <system-out/>
</testsuite> <!-- com.agrisoft.qa.testcases.ExpenditureDetailsPageTest -->
